This is pdfTeX, Version 3.1415926-2.5-1.40.14 (TeX Live 2013/Debian) (format=pdflatex 2015.11.23)  16 MAR 2017 13:08
entering extended mode
 restricted \write18 enabled.
 %&-line parsing enabled.
**draft_duplex_shift_half_cm.tex
(./draft_duplex_shift_half_cm.tex
LaTeX2e <2011/06/27>
Babel <3.9h> and hyphenation patterns for 4 languages loaded.
(/usr/share/texlive/texmf-dist/tex/latex/base/article.cls
Document Class: article 2007/10/19 v1.4h Standard LaTeX document class
(/usr/share/texlive/texmf-dist/tex/latex/base/size10.clo
File: size10.clo 2007/10/19 v1.4h Standard LaTeX file (size option)
)
\c@part=\count79
\c@section=\count80
\c@subsection=\count81
\c@subsubsection=\count82
\c@paragraph=\count83
\c@subparagraph=\count84
\c@figure=\count85
\c@table=\count86
\abovecaptionskip=\skip41
\belowcaptionskip=\skip42
\bibindent=\dimen102
)
(/usr/share/texlive/texmf-dist/tex/latex/geometry/geometry.sty
Package: geometry 2010/09/12 v5.6 Page Geometry

(/usr/share/texlive/texmf-dist/tex/latex/graphics/keyval.sty
Package: keyval 1999/03/16 v1.13 key=value parser (DPC)
\KV@toks@=\toks14
)
(/usr/share/texlive/texmf-dist/tex/generic/oberdiek/ifpdf.sty
Package: ifpdf 2011/01/30 v2.3 Provides the ifpdf switch (HO)
Package ifpdf Info: pdfTeX in PDF mode is detected.
)
(/usr/share/texlive/texmf-dist/tex/generic/oberdiek/ifvtex.sty
Package: ifvtex 2010/03/01 v1.5 Detect VTeX and its facilities (HO)
Package ifvtex Info: VTeX not detected.
)
(/usr/share/texlive/texmf-dist/tex/generic/ifxetex/ifxetex.sty
Package: ifxetex 2010/09/12 v0.6 Provides ifxetex conditional
)
\Gm@cnth=\count87
\Gm@cntv=\count88
\c@Gm@tempcnt=\count89
\Gm@bindingoffset=\dimen103
\Gm@wd@mp=\dimen104
\Gm@odd@mp=\dimen105
\Gm@even@mp=\dimen106
\Gm@layoutwidth=\dimen107
\Gm@layoutheight=\dimen108
\Gm@layouthoffset=\dimen109
\Gm@layoutvoffset=\dimen110
\Gm@dimlist=\toks15
)
(/usr/share/texlive/texmf-dist/tex/latex/base/inputenc.sty
Package: inputenc 2008/03/30 v1.1d Input encoding file
\inpenc@prehook=\toks16
\inpenc@posthook=\toks17

(/usr/share/texlive/texmf-dist/tex/latex/base/utf8.def
File: utf8.def 2008/04/05 v1.1m UTF-8 support for inputenc
Now handling font encoding OML ...
... no UTF-8 mapping file for font encoding OML
Now handling font encoding T1 ...
... processing UTF-8 mapping file for font encoding T1

(/usr/share/texlive/texmf-dist/tex/latex/base/t1enc.dfu
File: t1enc.dfu 2008/04/05 v1.1m UTF-8 support for inputenc
   defining Unicode char U+00A1 (decimal 161)
   defining Unicode char U+00A3 (decimal 163)
   defining Unicode char U+00AB (decimal 171)
   defining Unicode char U+00BB (decimal 187)
   defining Unicode char U+00BF (decimal 191)
   defining Unicode char U+00C0 (decimal 192)
   defining Unicode char U+00C1 (decimal 193)
   defining Unicode char U+00C2 (decimal 194)
   defining Unicode char U+00C3 (decimal 195)
   defining Unicode char U+00C4 (decimal 196)
   defining Unicode char U+00C5 (decimal 197)
   defining Unicode char U+00C6 (decimal 198)
   defining Unicode char U+00C7 (decimal 199)
   defining Unicode char U+00C8 (decimal 200)
   defining Unicode char U+00C9 (decimal 201)
   defining Unicode char U+00CA (decimal 202)
   defining Unicode char U+00CB (decimal 203)
   defining Unicode char U+00CC (decimal 204)
   defining Unicode char U+00CD (decimal 205)
   defining Unicode char U+00CE (decimal 206)
   defining Unicode char U+00CF (decimal 207)
   defining Unicode char U+00D0 (decimal 208)
   defining Unicode char U+00D1 (decimal 209)
   defining Unicode char U+00D2 (decimal 210)
   defining Unicode char U+00D3 (decimal 211)
   defining Unicode char U+00D4 (decimal 212)
   defining Unicode char U+00D5 (decimal 213)
   defining Unicode char U+00D6 (decimal 214)
   defining Unicode char U+00D8 (decimal 216)
   defining Unicode char U+00D9 (decimal 217)
   defining Unicode char U+00DA (decimal 218)
   defining Unicode char U+00DB (decimal 219)
   defining Unicode char U+00DC (decimal 220)
   defining Unicode char U+00DD (decimal 221)
   defining Unicode char U+00DE (decimal 222)
   defining Unicode char U+00DF (decimal 223)
   defining Unicode char U+00E0 (decimal 224)
   defining Unicode char U+00E1 (decimal 225)
   defining Unicode char U+00E2 (decimal 226)
   defining Unicode char U+00E3 (decimal 227)
   defining Unicode char U+00E4 (decimal 228)
   defining Unicode char U+00E5 (decimal 229)
   defining Unicode char U+00E6 (decimal 230)
   defining Unicode char U+00E7 (decimal 231)
   defining Unicode char U+00E8 (decimal 232)
   defining Unicode char U+00E9 (decimal 233)
   defining Unicode char U+00EA (decimal 234)
   defining Unicode char U+00EB (decimal 235)
   defining Unicode char U+00EC (decimal 236)
   defining Unicode char U+00ED (decimal 237)
   defining Unicode char U+00EE (decimal 238)
   defining Unicode char U+00EF (decimal 239)
   defining Unicode char U+00F0 (decimal 240)
   defining Unicode char U+00F1 (decimal 241)
   defining Unicode char U+00F2 (decimal 242)
   defining Unicode char U+00F3 (decimal 243)
   defining Unicode char U+00F4 (decimal 244)
   defining Unicode char U+00F5 (decimal 245)
   defining Unicode char U+00F6 (decimal 246)
   defining Unicode char U+00F8 (decimal 248)
   defining Unicode char U+00F9 (decimal 249)
   defining Unicode char U+00FA (decimal 250)
   defining Unicode char U+00FB (decimal 251)
   defining Unicode char U+00FC (decimal 252)
   defining Unicode char U+00FD (decimal 253)
   defining Unicode char U+00FE (decimal 254)
   defining Unicode char U+00FF (decimal 255)
   defining Unicode char U+0102 (decimal 258)
   defining Unicode char U+0103 (decimal 259)
   defining Unicode char U+0104 (decimal 260)
   defining Unicode char U+0105 (decimal 261)
   defining Unicode char U+0106 (decimal 262)
   defining Unicode char U+0107 (decimal 263)
   defining Unicode char U+010C (decimal 268)
   defining Unicode char U+010D (decimal 269)
   defining Unicode char U+010E (decimal 270)
   defining Unicode char U+010F (decimal 271)
   defining Unicode char U+0110 (decimal 272)
   defining Unicode char U+0111 (decimal 273)
   defining Unicode char U+0118 (decimal 280)
   defining Unicode char U+0119 (decimal 281)
   defining Unicode char U+011A (decimal 282)
   defining Unicode char U+011B (decimal 283)
   defining Unicode char U+011E (decimal 286)
   defining Unicode char U+011F (decimal 287)
   defining Unicode char U+0130 (decimal 304)
   defining Unicode char U+0131 (decimal 305)
   defining Unicode char U+0132 (decimal 306)
   defining Unicode char U+0133 (decimal 307)
   defining Unicode char U+0139 (decimal 313)
   defining Unicode char U+013A (decimal 314)
   defining Unicode char U+013D (decimal 317)
   defining Unicode char U+013E (decimal 318)
   defining Unicode char U+0141 (decimal 321)
   defining Unicode char U+0142 (decimal 322)
   defining Unicode char U+0143 (decimal 323)
   defining Unicode char U+0144 (decimal 324)
   defining Unicode char U+0147 (decimal 327)
   defining Unicode char U+0148 (decimal 328)
   defining Unicode char U+014A (decimal 330)
   defining Unicode char U+014B (decimal 331)
   defining Unicode char U+0150 (decimal 336)
   defining Unicode char U+0151 (decimal 337)
   defining Unicode char U+0152 (decimal 338)
   defining Unicode char U+0153 (decimal 339)
   defining Unicode char U+0154 (decimal 340)
   defining Unicode char U+0155 (decimal 341)
   defining Unicode char U+0158 (decimal 344)
   defining Unicode char U+0159 (decimal 345)
   defining Unicode char U+015A (decimal 346)
   defining Unicode char U+015B (decimal 347)
   defining Unicode char U+015E (decimal 350)
   defining Unicode char U+015F (decimal 351)
   defining Unicode char U+0160 (decimal 352)
   defining Unicode char U+0161 (decimal 353)
   defining Unicode char U+0162 (decimal 354)
   defining Unicode char U+0163 (decimal 355)
   defining Unicode char U+0164 (decimal 356)
   defining Unicode char U+0165 (decimal 357)
   defining Unicode char U+016E (decimal 366)
   defining Unicode char U+016F (decimal 367)
   defining Unicode char U+0170 (decimal 368)
   defining Unicode char U+0171 (decimal 369)
   defining Unicode char U+0178 (decimal 376)
   defining Unicode char U+0179 (decimal 377)
   defining Unicode char U+017A (decimal 378)
   defining Unicode char U+017B (decimal 379)
   defining Unicode char U+017C (decimal 380)
   defining Unicode char U+017D (decimal 381)
   defining Unicode char U+017E (decimal 382)
   defining Unicode char U+200C (decimal 8204)
   defining Unicode char U+2013 (decimal 8211)
   defining Unicode char U+2014 (decimal 8212)
   defining Unicode char U+2018 (decimal 8216)
   defining Unicode char U+2019 (decimal 8217)
   defining Unicode char U+201A (decimal 8218)
   defining Unicode char U+201C (decimal 8220)
   defining Unicode char U+201D (decimal 8221)
   defining Unicode char U+201E (decimal 8222)
   defining Unicode char U+2030 (decimal 8240)
   defining Unicode char U+2031 (decimal 8241)
   defining Unicode char U+2039 (decimal 8249)
   defining Unicode char U+203A (decimal 8250)
   defining Unicode char U+2423 (decimal 9251)
)
Now handling font encoding OT1 ...
... processing UTF-8 mapping file for font encoding OT1

(/usr/share/texlive/texmf-dist/tex/latex/base/ot1enc.dfu
File: ot1enc.dfu 2008/04/05 v1.1m UTF-8 support for inputenc
   defining Unicode char U+00A1 (decimal 161)
   defining Unicode char U+00A3 (decimal 163)
   defining Unicode char U+00B8 (decimal 184)
   defining Unicode char U+00BF (decimal 191)
   defining Unicode char U+00C5 (decimal 197)
   defining Unicode char U+00C6 (decimal 198)
   defining Unicode char U+00D8 (decimal 216)
   defining Unicode char U+00DF (decimal 223)
   defining Unicode char U+00E6 (decimal 230)
   defining Unicode char U+00EC (decimal 236)
   defining Unicode char U+00ED (decimal 237)
   defining Unicode char U+00EE (decimal 238)
   defining Unicode char U+00EF (decimal 239)
   defining Unicode char U+00F8 (decimal 248)
   defining Unicode char U+0131 (decimal 305)
   defining Unicode char U+0141 (decimal 321)
   defining Unicode char U+0142 (decimal 322)
   defining Unicode char U+0152 (decimal 338)
   defining Unicode char U+0153 (decimal 339)
   defining Unicode char U+2013 (decimal 8211)
   defining Unicode char U+2014 (decimal 8212)
   defining Unicode char U+2018 (decimal 8216)
   defining Unicode char U+2019 (decimal 8217)
   defining Unicode char U+201C (decimal 8220)
   defining Unicode char U+201D (decimal 8221)
)
Now handling font encoding OMS ...
... processing UTF-8 mapping file for font encoding OMS

(/usr/share/texlive/texmf-dist/tex/latex/base/omsenc.dfu
File: omsenc.dfu 2008/04/05 v1.1m UTF-8 support for inputenc
   defining Unicode char U+00A7 (decimal 167)
   defining Unicode char U+00B6 (decimal 182)
   defining Unicode char U+00B7 (decimal 183)
   defining Unicode char U+2020 (decimal 8224)
   defining Unicode char U+2021 (decimal 8225)
   defining Unicode char U+2022 (decimal 8226)
)
Now handling font encoding OMX ...
... no UTF-8 mapping file for font encoding OMX
Now handling font encoding U ...
... no UTF-8 mapping file for font encoding U
   defining Unicode char U+00A9 (decimal 169)
   defining Unicode char U+00AA (decimal 170)
   defining Unicode char U+00AE (decimal 174)
   defining Unicode char U+00BA (decimal 186)
   defining Unicode char U+02C6 (decimal 710)
   defining Unicode char U+02DC (decimal 732)
   defining Unicode char U+200C (decimal 8204)
   defining Unicode char U+2026 (decimal 8230)
   defining Unicode char U+2122 (decimal 8482)
   defining Unicode char U+2423 (decimal 9251)
))
(/usr/share/texlive/texmf-dist/tex/generic/babel/babel.sty
Package: babel 2013/12/03 3.9h The Babel package

(/usr/share/texlive/texmf-dist/tex/generic/babel-english/english.ldf
Language: english 2012/08/20 v3.3p English support from the babel system

(/usr/share/texlive/texmf-dist/tex/generic/babel/babel.def
File: babel.def 2013/12/03 3.9h Babel common definitions
\babel@savecnt=\count90
\U@D=\dimen111
)
\l@canadian = a dialect from \language\l@american 
\l@australian = a dialect from \language\l@british 
\l@newzealand = a dialect from \language\l@british 
))
(/usr/share/texlive/texmf-dist/tex/latex/amsmath/amsmath.sty
Package: amsmath 2013/01/14 v2.14 AMS math features
\@mathmargin=\skip43

For additional information on amsmath, use the `?' option.
(/usr/share/texlive/texmf-dist/tex/latex/amsmath/amstext.sty
Package: amstext 2000/06/29 v2.01

(/usr/share/texlive/texmf-dist/tex/latex/amsmath/amsgen.sty
File: amsgen.sty 1999/11/30 v2.0
\@emptytoks=\toks18
\ex@=\dimen112
))
(/usr/share/texlive/texmf-dist/tex/latex/amsmath/amsbsy.sty
Package: amsbsy 1999/11/29 v1.2d
\pmbraise@=\dimen113
)
(/usr/share/texlive/texmf-dist/tex/latex/amsmath/amsopn.sty
Package: amsopn 1999/12/14 v2.01 operator names
)
\inf@bad=\count91
LaTeX Info: Redefining \frac on input line 210.
\uproot@=\count92
\leftroot@=\count93
LaTeX Info: Redefining \overline on input line 306.
\classnum@=\count94
\DOTSCASE@=\count95
LaTeX Info: Redefining \ldots on input line 378.
LaTeX Info: Redefining \dots on input line 381.
LaTeX Info: Redefining \cdots on input line 466.
\Mathstrutbox@=\box26
\strutbox@=\box27
\big@size=\dimen114
LaTeX Font Info:    Redeclaring font encoding OML on input line 566.
LaTeX Font Info:    Redeclaring font encoding OMS on input line 567.
\macc@depth=\count96
\c@MaxMatrixCols=\count97
\dotsspace@=\muskip10
\c@parentequation=\count98
\dspbrk@lvl=\count99
\tag@help=\toks19
\row@=\count100
\column@=\count101
\maxfields@=\count102
\andhelp@=\toks20
\eqnshift@=\dimen115
\alignsep@=\dimen116
\tagshift@=\dimen117
\tagwidth@=\dimen118
\totwidth@=\dimen119
\lineht@=\dimen120
\@envbody=\toks21
\multlinegap=\skip44
\multlinetaggap=\skip45
\mathdisplay@stack=\toks22
LaTeX Info: Redefining \[ on input line 2665.
LaTeX Info: Redefining \] on input line 2666.
)
(/usr/share/texlive/texmf-dist/tex/latex/amsfonts/amsfonts.sty
Package: amsfonts 2013/01/14 v3.01 Basic AMSFonts support
\symAMSa=\mathgroup4
\symAMSb=\mathgroup5
LaTeX Font Info:    Overwriting math alphabet `\mathfrak' in version `bold'
(Font)                  U/euf/m/n --> U/euf/b/n on input line 106.
)
(/usr/share/texlive/texmf-dist/tex/latex/amsfonts/amssymb.sty
Package: amssymb 2013/01/14 v3.01 AMS font symbols
)
(/usr/share/texlive/texmf-dist/tex/latex/graphics/graphicx.sty
Package: graphicx 1999/02/16 v1.0f Enhanced LaTeX Graphics (DPC,SPQR)

(/usr/share/texlive/texmf-dist/tex/latex/graphics/graphics.sty
Package: graphics 2009/02/05 v1.0o Standard LaTeX Graphics (DPC,SPQR)

(/usr/share/texlive/texmf-dist/tex/latex/graphics/trig.sty
Package: trig 1999/03/16 v1.09 sin cos tan (DPC)
)
(/usr/share/texlive/texmf-dist/tex/latex/latexconfig/graphics.cfg
File: graphics.cfg 2010/04/23 v1.9 graphics configuration of TeX Live
)
Package graphics Info: Driver file: pdftex.def on input line 91.

(/usr/share/texlive/texmf-dist/tex/latex/pdftex-def/pdftex.def
File: pdftex.def 2011/05/27 v0.06d Graphics/color for pdfTeX

(/usr/share/texlive/texmf-dist/tex/generic/oberdiek/infwarerr.sty
Package: infwarerr 2010/04/08 v1.3 Providing info/warning/error messages (HO)
)
(/usr/share/texlive/texmf-dist/tex/generic/oberdiek/ltxcmds.sty
Package: ltxcmds 2011/11/09 v1.22 LaTeX kernel commands for general use (HO)
)
\Gread@gobject=\count103
))
\Gin@req@height=\dimen121
\Gin@req@width=\dimen122
)
(/usr/share/texlive/texmf-dist/tex/latex/oberdiek/epstopdf.sty
Package: epstopdf 2010/02/09 v2.5 Conversion with epstopdf on the fly (HO)

(/usr/share/texlive/texmf-dist/tex/latex/oberdiek/epstopdf-base.sty
Package: epstopdf-base 2010/02/09 v2.5 Base part for package epstopdf

(/usr/share/texlive/texmf-dist/tex/latex/oberdiek/grfext.sty
Package: grfext 2010/08/19 v1.1 Manage graphics extensions (HO)

(/usr/share/texlive/texmf-dist/tex/generic/oberdiek/kvdefinekeys.sty
Package: kvdefinekeys 2011/04/07 v1.3 Define keys (HO)
))
(/usr/share/texlive/texmf-dist/tex/latex/oberdiek/kvoptions.sty
Package: kvoptions 2011/06/30 v3.11 Key value format for package options (HO)

(/usr/share/texlive/texmf-dist/tex/generic/oberdiek/kvsetkeys.sty
Package: kvsetkeys 2012/04/25 v1.16 Key value parser (HO)

(/usr/share/texlive/texmf-dist/tex/generic/oberdiek/etexcmds.sty
Package: etexcmds 2011/02/16 v1.5 Avoid name clashes with e-TeX commands (HO)

(/usr/share/texlive/texmf-dist/tex/generic/oberdiek/ifluatex.sty
Package: ifluatex 2010/03/01 v1.3 Provides the ifluatex switch (HO)
Package ifluatex Info: LuaTeX not detected.
)
Package etexcmds Info: Could not find \expanded.
(etexcmds)             That can mean that you are not using pdfTeX 1.50 or
(etexcmds)             that some package has redefined \expanded.
(etexcmds)             In the latter case, load this package earlier.
)))
(/usr/share/texlive/texmf-dist/tex/generic/oberdiek/pdftexcmds.sty
Package: pdftexcmds 2011/11/29 v0.20 Utility functions of pdfTeX for LuaTeX (HO
)
Package pdftexcmds Info: LuaTeX not detected.
Package pdftexcmds Info: \pdf@primitive is available.
Package pdftexcmds Info: \pdf@ifprimitive is available.
Package pdftexcmds Info: \pdfdraftmode found.
)
Package grfext Info: Graphics extension search list:
(grfext)             [.png,.pdf,.jpg,.mps,.jpeg,.jbig2,.jb2,.PNG,.PDF,.JPG,.JPE
G,.JBIG2,.JB2,.eps]
(grfext)             \AppendGraphicsExtensions on input line 452.

(/usr/share/texlive/texmf-dist/tex/latex/latexconfig/epstopdf-sys.cfg
File: epstopdf-sys.cfg 2010/07/13 v1.3 Configuration of (r)epstopdf for TeX Liv
e
)))
(/usr/share/texlive/texmf-dist/tex/latex/cite/cite.sty
LaTeX Info: Redefining \cite on input line 302.
LaTeX Info: Redefining \nocite on input line 373.
Package: cite 2010/09/10  v 5.3
)
(/usr/share/texlive/texmf-dist/tex/latex/hyperref/hyperref.sty
Package: hyperref 2012/11/06 v6.83m Hypertext links for LaTeX

(/usr/share/texlive/texmf-dist/tex/generic/oberdiek/hobsub-hyperref.sty
Package: hobsub-hyperref 2012/05/28 v1.13 Bundle oberdiek, subset hyperref (HO)


(/usr/share/texlive/texmf-dist/tex/generic/oberdiek/hobsub-generic.sty
Package: hobsub-generic 2012/05/28 v1.13 Bundle oberdiek, subset generic (HO)
Package: hobsub 2012/05/28 v1.13 Construct package bundles (HO)
Package hobsub Info: Skipping package `infwarerr' (already loaded).
Package hobsub Info: Skipping package `ltxcmds' (already loaded).
Package hobsub Info: Skipping package `ifluatex' (already loaded).
Package hobsub Info: Skipping package `ifvtex' (already loaded).
Package: intcalc 2007/09/27 v1.1 Expandable calculations with integers (HO)
Package hobsub Info: Skipping package `ifpdf' (already loaded).
Package hobsub Info: Skipping package `etexcmds' (already loaded).
Package hobsub Info: Skipping package `kvsetkeys' (already loaded).
Package hobsub Info: Skipping package `kvdefinekeys' (already loaded).
Package hobsub Info: Skipping package `pdftexcmds' (already loaded).
Package: pdfescape 2011/11/25 v1.13 Implements pdfTeX's escape features (HO)
Package: bigintcalc 2012/04/08 v1.3 Expandable calculations on big integers (HO
)
Package: bitset 2011/01/30 v1.1 Handle bit-vector datatype (HO)
Package: uniquecounter 2011/01/30 v1.2 Provide unlimited unique counter (HO)
)
Package hobsub Info: Skipping package `hobsub' (already loaded).
Package: letltxmacro 2010/09/02 v1.4 Let assignment for LaTeX macros (HO)
Package: hopatch 2012/05/28 v1.2 Wrapper for package hooks (HO)
Package: xcolor-patch 2011/01/30 xcolor patch
Package: atveryend 2011/06/30 v1.8 Hooks at the very end of document (HO)
Package atveryend Info: \enddocument detected (standard20110627).
Package: atbegshi 2011/10/05 v1.16 At begin shipout hook (HO)
Package: refcount 2011/10/16 v3.4 Data extraction from label references (HO)
Package: hycolor 2011/01/30 v1.7 Color options for hyperref/bookmark (HO)
)
(/usr/share/texlive/texmf-dist/tex/latex/oberdiek/auxhook.sty
Package: auxhook 2011/03/04 v1.3 Hooks for auxiliary files (HO)
)
\@linkdim=\dimen123
\Hy@linkcounter=\count104
\Hy@pagecounter=\count105

(/usr/share/texlive/texmf-dist/tex/latex/hyperref/pd1enc.def
File: pd1enc.def 2012/11/06 v6.83m Hyperref: PDFDocEncoding definition (HO)
Now handling font encoding PD1 ...
... no UTF-8 mapping file for font encoding PD1
)
\Hy@SavedSpaceFactor=\count106

(/usr/share/texlive/texmf-dist/tex/latex/latexconfig/hyperref.cfg
File: hyperref.cfg 2002/06/06 v1.2 hyperref configuration of TeXLive
)
Package hyperref Info: Hyper figures OFF on input line 4443.
Package hyperref Info: Link nesting OFF on input line 4448.
Package hyperref Info: Hyper index ON on input line 4451.
Package hyperref Info: Plain pages OFF on input line 4458.
Package hyperref Info: Backreferencing OFF on input line 4463.
Package hyperref Info: Implicit mode ON; LaTeX internals redefined.
Package hyperref Info: Bookmarks ON on input line 4688.
\c@Hy@tempcnt=\count107

(/usr/share/texlive/texmf-dist/tex/latex/url/url.sty
\Urlmuskip=\muskip11
Package: url 2013/09/16  ver 3.4  Verb mode for urls, etc.
)
LaTeX Info: Redefining \url on input line 5041.
\XeTeXLinkMargin=\dimen124
\Fld@menulength=\count108
\Field@Width=\dimen125
\Fld@charsize=\dimen126
Package hyperref Info: Hyper figures OFF on input line 6295.
Package hyperref Info: Link nesting OFF on input line 6300.
Package hyperref Info: Hyper index ON on input line 6303.
Package hyperref Info: backreferencing OFF on input line 6310.
Package hyperref Info: Link coloring OFF on input line 6315.
Package hyperref Info: Link coloring with OCG OFF on input line 6320.
Package hyperref Info: PDF/A mode OFF on input line 6325.
LaTeX Info: Redefining \ref on input line 6365.
LaTeX Info: Redefining \pageref on input line 6369.
\Hy@abspage=\count109
\c@Item=\count110
\c@Hfootnote=\count111
)

Package hyperref Message: Driver (autodetected): hpdftex.

(/usr/share/texlive/texmf-dist/tex/latex/hyperref/hpdftex.def
File: hpdftex.def 2012/11/06 v6.83m Hyperref driver for pdfTeX
\Fld@listcount=\count112
\c@bookmark@seq@number=\count113

(/usr/share/texlive/texmf-dist/tex/latex/oberdiek/rerunfilecheck.sty
Package: rerunfilecheck 2011/04/15 v1.7 Rerun checks for auxiliary files (HO)
Package uniquecounter Info: New unique counter `rerunfilecheck' on input line 2
82.
)
\Hy@SectionHShift=\skip46
)
(/usr/share/texlive/texmf-dist/tex/latex/caption/caption.sty
Package: caption 2013/05/02 v3.3-89 Customizing captions (AR)

(/usr/share/texlive/texmf-dist/tex/latex/caption/caption3.sty
Package: caption3 2013/05/02 v1.6-88 caption3 kernel (AR)
Package caption3 Info: TeX engine: e-TeX on input line 57.
\captionmargin=\dimen127
\captionmargin@=\dimen128
\captionwidth=\dimen129
\caption@tempdima=\dimen130
\caption@indent=\dimen131
\caption@parindent=\dimen132
\caption@hangindent=\dimen133
)
\c@ContinuedFloat=\count114
Package caption Info: hyperref package is loaded.
)
(/usr/share/texlive/texmf-dist/tex/latex/tabu/tabu.sty
Package: tabu 2011/02/26 v2.8 - flexible LaTeX tabulars (FC)

(/usr/share/texlive/texmf-dist/tex/latex/tools/array.sty
Package: array 2008/09/09 v2.4c Tabular extension package (FMi)
\col@sep=\dimen134
\extrarowheight=\dimen135
\NC@list=\toks23
\extratabsurround=\skip47
\backup@length=\skip48
)
(/usr/share/texlive/texmf-dist/tex/latex/varwidth/varwidth.sty
Package: varwidth 2009/03/30 ver 0.92;  Variable-width minipages
\@vwid@box=\box28
\sift@deathcycles=\count115
\@vwid@loff=\dimen136
\@vwid@roff=\dimen137
)
\c@taburow=\count116
\tabu@nbcols=\count117
\tabu@cnt=\count118
\tabu@Xcol=\count119
\tabu@alloc=\count120
\tabu@nested=\count121
\tabu@target=\dimen138
\tabu@spreadtarget=\dimen139
\tabu@naturalX=\dimen140
\tabucolX=\dimen141
\tabu@Xsum=\dimen142
\extrarowdepth=\dimen143
\abovetabulinesep=\dimen144
\belowtabulinesep=\dimen145
\tabustrutrule=\dimen146
\tabu@thebody=\toks24
\tabu@footnotes=\toks25
\tabu@box=\box29
\tabu@arstrutbox=\box30
\tabu@hleads=\box31
\tabu@vleads=\box32
\tabu@cellskip=\skip49
)
(/usr/share/texlive/texmf-dist/tex/latex/float/float.sty
Package: float 2001/11/08 v1.3d Float enhancements (AL)
\c@float@type=\count122
\float@exts=\toks26
\float@box=\box33
\@float@everytoks=\toks27
\@floatcapt=\box34
)
(/usr/share/texlive/texmf-dist/tex/latex/was/upgreek.sty
Package: upgreek 2003/02/12 v2.0 (WaS)
Package upgreek Info: Using Euler Roman for upright Greek on input line 31.
\symugrf@m=\mathgroup6
LaTeX Font Info:    Overwriting symbol font `ugrf@m' in version `bold'
(Font)                  U/eur/m/n --> U/eur/b/n on input line 38.
)
(/usr/share/texlive/texmf-dist/tex/latex/appendix/appendix.sty
Package: appendix 2009/09/02 v1.2b extra appendix facilities
\c@@pps=\count123
\c@@ppsavesec=\count124
\c@@ppsaveapp=\count125
)
(/usr/share/texlive/texmf-dist/tex/latex/tools/afterpage.sty
Package: afterpage 1995/10/27 v1.08 After-Page Package (DPC)
\AP@output=\toks28
\AP@partial=\box35
\AP@footins=\box36
)
(/usr/share/texlive/texmf-dist/tex/latex/tocbibind/tocbibind.sty
Package: tocbibind 2010/10/13 v1.5k extra ToC listings
Package tocbibind Info: The document has section divisions on input line 50.


Package tocbibind Note: Using section or other style headings.

) (/usr/share/texlive/texmf-dist/tex/latex/setspace/setspace.sty
Package: setspace 2011/12/19 v6.7a set line spacing
)
(./draft_duplex_shift_half_cm.aux)
\openout1 = `draft_duplex_shift_half_cm.aux'.

LaTeX Font Info:    Checking defaults for OML/cmm/m/it on input line 53.
LaTeX Font Info:    ... okay on input line 53.
LaTeX Font Info:    Checking defaults for T1/cmr/m/n on input line 53.
LaTeX Font Info:    ... okay on input line 53.
LaTeX Font Info:    Checking defaults for OT1/cmr/m/n on input line 53.
LaTeX Font Info:    ... okay on input line 53.
LaTeX Font Info:    Checking defaults for OMS/cmsy/m/n on input line 53.
LaTeX Font Info:    ... okay on input line 53.
LaTeX Font Info:    Checking defaults for OMX/cmex/m/n on input line 53.
LaTeX Font Info:    ... okay on input line 53.
LaTeX Font Info:    Checking defaults for U/cmr/m/n on input line 53.
LaTeX Font Info:    ... okay on input line 53.
LaTeX Font Info:    Checking defaults for PD1/pdf/m/n on input line 53.
LaTeX Font Info:    ... okay on input line 53.

*geometry* driver: auto-detecting
*geometry* detected driver: pdftex
*geometry* verbose mode - [ preamble ] result:
* driver: pdftex
* paper: a4paper
* layout: <same size as paper>
* layoutoffset:(h,v)=(0.0pt,0.0pt)
* modes: twoside 
* h-part:(L,W,R)=(122.63492pt, 380.69788pt, 94.17508pt)
* v-part:(T,H,B)=(108.405pt, 628.23685pt, 108.405pt)
* \paperwidth=597.50787pt
* \paperheight=845.04684pt
* \textwidth=380.69788pt
* \textheight=628.23685pt
* \oddsidemargin=50.36493pt
* \evensidemargin=21.90509pt
* \topmargin=-0.86499pt
* \headheight=12.0pt
* \headsep=25.0pt
* \topskip=10.0pt
* \footskip=30.0pt
* \marginparwidth=57.0pt
* \marginparsep=11.0pt
* \columnsep=10.0pt
* \skip\footins=9.0pt plus 4.0pt minus 2.0pt
* \hoffset=0.0pt
* \voffset=0.0pt
* \mag=1000
* \@twocolumnfalse
* \@twosidetrue
* \@mparswitchtrue
* \@reversemarginfalse
* (1in=72.27pt=25.4mm, 1cm=28.453pt)

(/usr/share/texlive/texmf-dist/tex/context/base/supp-pdf.mkii
[Loading MPS to PDF converter (version 2006.09.02).]
\scratchcounter=\count126
\scratchdimen=\dimen147
\scratchbox=\box37
\nofMPsegments=\count127
\nofMParguments=\count128
\everyMPshowfont=\toks29
\MPscratchCnt=\count129
\MPscratchDim=\dimen148
\MPnumerator=\count130
\makeMPintoPDFobject=\count131
\everyMPtoPDFconversion=\toks30
)
\AtBeginShipoutBox=\box38
Package hyperref Info: Link coloring OFF on input line 53.
 (/usr/share/texlive/texmf-dist/tex/latex/hyperref/nameref.sty
Package: nameref 2012/10/27 v2.43 Cross-referencing by name of section

(/usr/share/texlive/texmf-dist/tex/generic/oberdiek/gettitlestring.sty
Package: gettitlestring 2010/12/03 v1.4 Cleanup title references (HO)
)
\c@section@level=\count132
)
LaTeX Info: Redefining \ref on input line 53.
LaTeX Info: Redefining \pageref on input line 53.
LaTeX Info: Redefining \nameref on input line 53.

(./draft_duplex_shift_half_cm.out) (./draft_duplex_shift_half_cm.out)
\@outlinefile=\write3
\openout3 = `draft_duplex_shift_half_cm.out'.

Package caption Info: Begin \AtBeginDocument code.
Package caption Info: float package is loaded.
Package caption Info: End \AtBeginDocument code.
 [1


{/var/lib/texmf/fonts/map/pdftex/updmap/pdftex.map}] [2

] [1]pdfTeX warning (ext4): destination with the same identifier (name{page.}) 
has been already used, duplicate ignored
<to be read again> 
                   \relax 
l.107 \newpage
               [2

]pdfTeX warning (ext4): destination with the same identifier (name{page.}) has 
been already used, duplicate ignored
<to be read again> 
                   \relax 
l.120 \clearpage
                 [3] (./draft_duplex_shift_half_cm.toc
LaTeX Font Info:    Try loading font information for U+msa on input line 3.

(/usr/share/texlive/texmf-dist/tex/latex/amsfonts/umsa.fd
File: umsa.fd 2013/01/14 v3.01 AMS symbols A
)
LaTeX Font Info:    Try loading font information for U+msb on input line 3.

(/usr/share/texlive/texmf-dist/tex/latex/amsfonts/umsb.fd
File: umsb.fd 2013/01/14 v3.01 AMS symbols B
) [4

])
\tf@toc=\write4
\openout4 = `draft_duplex_shift_half_cm.toc'.

 [5] [6

]
(./draft_duplex_shift_half_cm.lof [7

]
Overfull \hbox (4.38626pt too wide) in paragraph at lines 35--35
 [][] [][]\OT1/cmr/m/n/10 Comparison of dis-tri-bu-tion of stan-dard de-vi-a-ti
on and skew-ness for random- 
 []

)
\tf@lof=\write5
\openout5 = `draft_duplex_shift_half_cm.lof'.

 [8] (./draft_duplex_shift_half_cm.lot)
\tf@lot=\write6
\openout6 = `draft_duplex_shift_half_cm.lot'.

 [9

] [10

] [11]
Package epstopdf Info: Source file: <../../plots/illustrations/closed_loop_cont
rol.eps>
(epstopdf)                    date: 2017-01-30 14:54:22
(epstopdf)                    size: 18472 bytes
(epstopdf)             Output file: <../../plots/illustrations/closed_loop_cont
rol-eps-converted-to.pdf>
(epstopdf)                    date: 2017-01-30 14:54:28
(epstopdf)                    size: 8994 bytes
(epstopdf)             Command: <repstopdf --outfile=../../plots/illustrations/
closed_loop_control-eps-converted-to.pdf ../../plots/illustrations/closed_loop_
control.eps>
(epstopdf)             \includegraphics on input line 209.
Package epstopdf Info: Output file is already uptodate.

<../../plots/illustrations/closed_loop_control-eps-converted-to.pdf, id=435, 25
7.96375pt x 111.41624pt>
File: ../../plots/illustrations/closed_loop_control-eps-converted-to.pdf Graphi
c file (type pdf)

<use ../../plots/illustrations/closed_loop_control-eps-converted-to.pdf>
Package pdftex.def Info: ../../plots/illustrations/closed_loop_control-eps-conv
erted-to.pdf used on input line 209.
(pdftex.def)             Requested size: 266.48735pt x 115.10852pt.
LaTeX Font Info:    Try loading font information for OMS+cmr on input line 216.


(/usr/share/texlive/texmf-dist/tex/latex/base/omscmr.fd
File: omscmr.fd 1999/05/25 v2.5h Standard LaTeX font definitions
)
LaTeX Font Info:    Font shape `OMS/cmr/m/n' in size <10> not available
(Font)              Font shape `OMS/cmsy/m/n' tried instead on input line 216.
 [12 <../../plots/illustrations/closed_loop_control-eps-converted-to.pdf>] [13]


Package hyperref Warning: Token not allowed in a PDF string (PDFDocEncoding):
(hyperref)                removing `\\' on input line 229.

[14] [15] [16] [17] [18] [19

] [20]
Overfull \hbox (1.35046pt too wide) in paragraph at lines 321--322
[]\OT1/cmr/bx/n/10 Synaptic Nor-mal-iza-tion: \OT1/cmr/m/n/10 Ex-per-i-ments ha
ve sug-gested rescal-ing of synapses among
 []

[21] [22] [23] [24]
<../../plots/density_plots/density_plot.png, id=628, 304.4976pt x 243.5499pt>
File: ../../plots/density_plots/density_plot.png Graphic file (type png)

<use ../../plots/density_plots/density_plot.png>
Package pdftex.def Info: ../../plots/density_plots/density_plot.png used on inp
ut line 429.
(pdftex.def)             Requested size: 304.55945pt x 243.6199pt.
 [25] [26 <../../plots/density_plots/density_plot.png>]
<../../plots/diff_hom/rate_NO_th_compl.png, id=655, 380.622pt x 578.16pt>
File: ../../plots/diff_hom/rate_NO_th_compl.png Graphic file (type png)

<use ../../plots/diff_hom/rate_NO_th_compl.png>
Package pdftex.def Info: ../../plots/diff_hom/rate_NO_th_compl.png used on inpu
t line 447.
(pdftex.def)             Requested size: 380.69788pt x 578.30855pt.


LaTeX Warning: Float too large for page by 18.0717pt on input line 452.


<../../plots/power_spec/power_spectrum_sim_only.png, id=656, 266.4354pt x 213.1
965pt>
File: ../../plots/power_spec/power_spectrum_sim_only.png Graphic file (type png
)
 <use ../../plots/power_spec/power_spectrum_sim_only.png>
Package pdftex.def Info: ../../plots/power_spec/power_spectrum_sim_only.png use
d on input line 456.
(pdftex.def)             Requested size: 266.48735pt x 213.25777pt.
 [27

] [28 <../../plots/diff_hom/rate_NO_th_compl.png>] [29 <../../plots/power_spec/
power_spectrum_sim_only.png>] [30]
<../../plots/F-I_noise_dep.png, id=695, 266.4354pt x 186.4566pt>
File: ../../plots/F-I_noise_dep.png Graphic file (type png)

<use ../../plots/F-I_noise_dep.png>
Package pdftex.def Info: ../../plots/F-I_noise_dep.png used on input line 492.
(pdftex.def)             Requested size: 266.48735pt x 186.5102pt.
 [31 <../../plots/F-I_noise_dep.png>]
<../../plots/approx_rates_EI.png, id=720, 266.4354pt x 151.5261pt>
File: ../../plots/approx_rates_EI.png Graphic file (type png)

<use ../../plots/approx_rates_EI.png>
Package pdftex.def Info: ../../plots/approx_rates_EI.png used on input line 519
.
(pdftex.def)             Requested size: 266.48735pt x 151.56963pt.
 [32]
<../../plots/diff_hom/rate_th_close.png, id=736, 266.4354pt x 190.311pt>
File: ../../plots/diff_hom/rate_th_close.png Graphic file (type png)

<use ../../plots/diff_hom/rate_th_close.png>
Package pdftex.def Info: ../../plots/diff_hom/rate_th_close.png used on input l
ine 533.
(pdftex.def)             Requested size: 266.48735pt x 190.36568pt.
 [33 <../../plots/approx_rates_EI.png>] [34 <../../plots/diff_hom/rate_th_close
.png>]
<../../plots/nNOS_approx.png, id=758, 380.8629pt x 228.3732pt>
File: ../../plots/nNOS_approx.png Graphic file (type png)

<use ../../plots/nNOS_approx.png>
Package pdftex.def Info: ../../plots/nNOS_approx.png used on input line 571.
(pdftex.def)             Requested size: 380.69788pt x 228.28203pt.
 [35] [36 <../../plots/nNOS_approx.png>]
<../../plots/Spike_Stats/linfit_th_rate.png, id=789, 380.622pt x 251.2587pt>
File: ../../plots/Spike_Stats/linfit_th_rate.png Graphic file (type png)

<use ../../plots/Spike_Stats/linfit_th_rate.png>
Package pdftex.def Info: ../../plots/Spike_Stats/linfit_th_rate.png used on inp
ut line 595.
(pdftex.def)             Requested size: 380.69788pt x 251.32324pt.
 [37] [38 <../../plots/Spike_Stats/linfit_th_rate.png>]
<../../plots/power_spec/power_spectrum_analytic.png, id=811, 380.622pt x 190.31
1pt>
File: ../../plots/power_spec/power_spectrum_analytic.png Graphic file (type png
)
 <use ../../plots/power_spec/power_spectrum_analytic.png>
Package pdftex.def Info: ../../plots/power_spec/power_spectrum_analytic.png use
d on input line 636.
(pdftex.def)             Requested size: 380.69788pt x 190.35988pt.
 [39]
<../../plots/diff_hom/osc_ampl_vs_tau_th.png, id=833, 380.622pt x 228.3732pt>
File: ../../plots/diff_hom/osc_ampl_vs_tau_th.png Graphic file (type png)

<use ../../plots/diff_hom/osc_ampl_vs_tau_th.png>
Package pdftex.def Info: ../../plots/diff_hom/osc_ampl_vs_tau_th.png used on in
put line 646.
(pdftex.def)             Requested size: 380.69788pt x 228.43187pt.

<../../plots/diff_hom/rate_NO_th_compl_large_tau.png, id=837, 380.622pt x 304.4
976pt>
File: ../../plots/diff_hom/rate_NO_th_compl_large_tau.png Graphic file (type pn
g)
 <use ../../plots/diff_hom/rate_NO_th_compl_large_tau.png>
Package pdftex.def Info: ../../plots/diff_hom/rate_NO_th_compl_large_tau.png us
ed on input line 653.
(pdftex.def)             Requested size: 380.69788pt x 304.57584pt.
 [40 <../../plots/power_spec/power_spectrum_analytic.png>] [41 <../../plots/dif
f_hom/osc_ampl_vs_tau_th.png>] [42 <../../plots/diff_hom/rate_NO_th_compl_large
_tau.png>]
<../../plots/Spike_Stats/isi_cv_compare.png, id=864, 380.622pt x 304.4976pt>
File: ../../plots/Spike_Stats/isi_cv_compare.png Graphic file (type png)

<use ../../plots/Spike_Stats/isi_cv_compare.png>
Package pdftex.def Info: ../../plots/Spike_Stats/isi_cv_compare.png used on inp
ut line 670.
(pdftex.def)             Requested size: 380.69788pt x 304.57584pt.

<../../plots/Spike_Stats/pop_mean_cross_corr.png, id=866, 380.8629pt x 190.311p
t>
File: ../../plots/Spike_Stats/pop_mean_cross_corr.png Graphic file (type png)
 <use ../../plots/Spike_Stats/pop_mean_cross_corr.png>
Package pdftex.def Info: ../../plots/Spike_Stats/pop_mean_cross_corr.png used o
n input line 678.
(pdftex.def)             Requested size: 380.69788pt x 190.235pt.
 [43 <../../plots/Spike_Stats/isi_cv_compare.png>]
<../../plots/firing_rate_dists/fir_rate_dist_e_compare.png, id=878, 380.622pt x
 152.2488pt>
File: ../../plots/firing_rate_dists/fir_rate_dist_e_compare.png Graphic file (t
ype png)
 <use ../../plots/firing_rate_dists/fir_rate_dist_e_compare.png>
Package pdftex.def Info: ../../plots/firing_rate_dists/fir_rate_dist_e_compare.
png used on input line 690.
(pdftex.def)             Requested size: 380.69788pt x 152.2879pt.

<../../plots/firing_rate_dists/fir_rate_dist_i_compare.png, id=879, 380.622pt x
 152.2488pt>
File: ../../plots/firing_rate_dists/fir_rate_dist_i_compare.png Graphic file (t
ype png)
 <use ../../plots/firing_rate_dists/fir_rate_dist_i_compare.png>
Package pdftex.def Info: ../../plots/firing_rate_dists/fir_rate_dist_i_compare.
png used on input line 691.
(pdftex.def)             Requested size: 380.69788pt x 152.2879pt.

[44 <../../plots/Spike_Stats/pop_mean_cross_corr.png>] [45 <../../plots/firing_
rate_dists/fir_rate_dist_e_compare.png> <../../plots/firing_rate_dists/fir_rate
_dist_i_compare.png>]
<../../plots/Spike_Stats/sim_f_var_vs_hom_poisson.png, id=893, 380.622pt x 190.
311pt>
File: ../../plots/Spike_Stats/sim_f_var_vs_hom_poisson.png Graphic file (type p
ng)
 <use ../../plots/Spike_Stats/sim_f_var_vs_hom_poisson.png>
Package pdftex.def Info: ../../plots/Spike_Stats/sim_f_var_vs_hom_poisson.png u
sed on input line 700.
(pdftex.def)             Requested size: 380.69788pt x 190.35988pt.

<../../plots/external_input_switch.png, id=895, 380.622pt x 228.3732pt>
File: ../../plots/external_input_switch.png Graphic file (type png)

<use ../../plots/external_input_switch.png>
Package pdftex.def Info: ../../plots/external_input_switch.png used on input li
ne 710.
(pdftex.def)             Requested size: 380.69788pt x 228.43187pt.

<../../plots/firing_rate_dists/std_dev_vs_D_neumann.png, id=900, 190.311pt x 19
0.311pt>
File: ../../plots/firing_rate_dists/std_dev_vs_D_neumann.png Graphic file (type
 png)
 <use ../../plots/firing_rate_dists/std_dev_vs_D_neumann.png>
Package pdftex.def Info: ../../plots/firing_rate_dists/std_dev_vs_D_neumann.png
 used on input line 720.
(pdftex.def)             Requested size: 190.34894pt x 190.35988pt.

<../../plots/firing_rate_dists/skew_vs_D_neumann.png, id=901, 190.311pt x 190.3
11pt>
File: ../../plots/firing_rate_dists/skew_vs_D_neumann.png Graphic file (type pn
g)
 <use ../../plots/firing_rate_dists/skew_vs_D_neumann.png>
Package pdftex.def Info: ../../plots/firing_rate_dists/skew_vs_D_neumann.png us
ed on input line 724.
(pdftex.def)             Requested size: 190.34894pt x 190.35988pt.

Overfull \hbox (2.22221pt too wide) in paragraph at lines 718--726
[]$[]$ $[]$ 
 []

[46] [47 <../../plots/Spike_Stats/sim_f_var_vs_hom_poisson.png> <../../plots/ex
ternal_input_switch.png>]
<../../plots/firing_rate_dists/instant_diff_fir_dist_e.png, id=917, 380.622pt x
 133.2177pt>
File: ../../plots/firing_rate_dists/instant_diff_fir_dist_e.png Graphic file (t
ype png)
 <use ../../plots/firing_rate_dists/instant_diff_fir_dist_e.png>
Package pdftex.def Info: ../../plots/firing_rate_dists/instant_diff_fir_dist_e.
png used on input line 749.
(pdftex.def)             Requested size: 380.69788pt x 133.2519pt.

<../../plots/firing_rate_dists/instant_diff_fir_dist_i.png, id=918, 380.622pt x
 133.2177pt>
File: ../../plots/firing_rate_dists/instant_diff_fir_dist_i.png Graphic file (t
ype png)
 <use ../../plots/firing_rate_dists/instant_diff_fir_dist_i.png>
Package pdftex.def Info: ../../plots/firing_rate_dists/instant_diff_fir_dist_i.
png used on input line 750.
(pdftex.def)             Requested size: 380.69788pt x 133.2519pt.

[48 <../../plots/firing_rate_dists/std_dev_vs_D_neumann.png> <../../plots/firin
g_rate_dists/skew_vs_D_neumann.png>] [49 <../../plots/firing_rate_dists/instant
_diff_fir_dist_e.png> <../../plots/firing_rate_dists/instant_diff_fir_dist_i.pn
g>] <../../plots/syn_topology/CF_plot.png, id=937, 380.8629pt x 152.2488pt>
File: ../../plots/syn_topology/CF_plot.png Graphic file (type png)

<use ../../plots/syn_topology/CF_plot.png>
Package pdftex.def Info: ../../plots/syn_topology/CF_plot.png used on input lin
e 764.
(pdftex.def)             Requested size: 380.69788pt x 152.188pt.
 [50]
<../../plots/syn_topology/av_stdp_change_time.png, id=949, 380.622pt x 266.4354
pt>
File: ../../plots/syn_topology/av_stdp_change_time.png Graphic file (type png)
 <use ../../plots/syn_topology/av_stdp_change_time.png>
Package pdftex.def Info: ../../plots/syn_topology/av_stdp_change_time.png used 
on input line 773.
(pdftex.def)             Requested size: 380.69788pt x 266.50385pt.
 [51 <../../plots/syn_topology/CF_plot.png>] [52 <../../plots/syn_topology/av_s
tdp_change_time.png>] <../../plots/syn_topology/RC_CFB_plot.png, id=971, 380.86
29pt x 228.3732pt>
File: ../../plots/syn_topology/RC_CFB_plot.png Graphic file (type png)

<use ../../plots/syn_topology/RC_CFB_plot.png>
Package pdftex.def Info: ../../plots/syn_topology/RC_CFB_plot.png used on input
 line 799.
(pdftex.def)             Requested size: 380.69788pt x 228.28203pt.

<../../plots/syn_topology/syn_weight_dist_mult_sets.png, id=978, 380.622pt x 19
0.311pt>
File: ../../plots/syn_topology/syn_weight_dist_mult_sets.png Graphic file (type
 png)
 <use ../../plots/syn_topology/syn_weight_dist_mult_sets.png>
Package pdftex.def Info: ../../plots/syn_topology/syn_weight_dist_mult_sets.png
 used on input line 807.
(pdftex.def)             Requested size: 380.69788pt x 190.35988pt.

Underfull \hbox (badness 3049) in paragraph at lines 808--808
[]\OT1/cmr/m/n/10 Figure 23: |Dis-tri-bu-tion of decadic log-a-rithm of ex-ci-t
a-tory synap-tic weights
 []


Underfull \hbox (badness 2744) in paragraph at lines 808--808
\OT1/cmr/m/n/10 at $[]$ for dif-fu-sive and non-diffusive home-osta-sis (both w
ith distance-
 []


Underfull \hbox (badness 5592) in paragraph at lines 808--808
\OT1/cmr/m/n/10 dependent con-nec-tiv-ity). Gaus-sian fits (non-linear least sq
uares) re-turned
 []

[53] [54 <../../plots/syn_topology/RC_CFB_plot.png> <../../plots/syn_topology/s
yn_weight_dist_mult_sets.png>] [55] [56]
<../../plots/syn_topology/syn_lifetimes_new.png, id=1032, 380.8629pt x 190.311p
t>
File: ../../plots/syn_topology/syn_lifetimes_new.png Graphic file (type png)
 <use ../../plots/syn_topology/syn_lifetimes_new.png>
Package pdftex.def Info: ../../plots/syn_topology/syn_lifetimes_new.png used on
 input line 843.
(pdftex.def)             Requested size: 380.69788pt x 190.235pt.
 [57] [58 <../../plots/syn_topology/syn_lifetimes_new.png>]
<../../plots/syn_topology/outgoing_weights_distribution.png, id=1060, 380.8629p
t x 228.3732pt>
File: ../../plots/syn_topology/outgoing_weights_distribution.png Graphic file (
type png)

<use ../../plots/syn_topology/outgoing_weights_distribution.png>
Package pdftex.def Info: ../../plots/syn_topology/outgoing_weights_distribution
.png used on input line 876.
(pdftex.def)             Requested size: 380.69788pt x 228.28203pt.
 [59]
<../../plots/syn_topology/mean_out_weights_vs_rate.png, id=1078, 380.622pt x 28
1.6121pt>
File: ../../plots/syn_topology/mean_out_weights_vs_rate.png Graphic file (type 
png)
 <use ../../plots/syn_topology/mean_out_weights_vs_rate.png>
Package pdftex.def Info: ../../plots/syn_topology/mean_out_weights_vs_rate.png 
used on input line 887.
(pdftex.def)             Requested size: 380.69788pt x 281.68446pt.

<../../plots/syn_topology/sum_out_weights_vs_rate.png, id=1079, 380.622pt x 140
.6856pt>
File: ../../plots/syn_topology/sum_out_weights_vs_rate.png Graphic file (type p
ng)
 <use ../../plots/syn_topology/sum_out_weights_vs_rate.png>
Package pdftex.def Info: ../../plots/syn_topology/sum_out_weights_vs_rate.png u
sed on input line 888.
(pdftex.def)             Requested size: 380.69788pt x 140.72173pt.

<../../plots/syn_topology/out_degree_vs_rate.png, id=1080, 380.622pt x 140.6856
pt>
File: ../../plots/syn_topology/out_degree_vs_rate.png Graphic file (type png)
 <use ../../plots/syn_topology/out_degree_vs_rate.png>
Package pdftex.def Info: ../../plots/syn_topology/out_degree_vs_rate.png used o
n input line 889.
(pdftex.def)             Requested size: 380.69788pt x 140.72173pt.


LaTeX Warning: Float too large for page by 6.89107pt on input line 893.


<../../plots/syn_topology/mean_out_vs_out_degree.png, id=1081, 380.622pt x 190.
311pt>
File: ../../plots/syn_topology/mean_out_vs_out_degree.png Graphic file (type pn
g)
 <use ../../plots/syn_topology/mean_out_vs_out_degree.png>
Package pdftex.def Info: ../../plots/syn_topology/mean_out_vs_out_degree.png us
ed on input line 897.
(pdftex.def)             Requested size: 380.69788pt x 190.35988pt.
 [60 <../../plots/syn_topology/outgoing_weights_distribution.png>] [61 <../../p
lots/syn_topology/mean_out_weights_vs_rate.png> <../../plots/syn_topology/sum_o
ut_weights_vs_rate.png> <../../plots/syn_topology/out_degree_vs_rate.png>] [62 
<../../plots/syn_topology/mean_out_vs_out_degree.png>] [63

]
<../../plots/rate_threshold_simpl_hip_alpha/rate_threshold_simpl_hip_alpha_comb
.png, id=1132, 380.622pt x 266.4354pt>
File: ../../plots/rate_threshold_simpl_hip_alpha/rate_threshold_simpl_hip_alpha
_comb.png Graphic file (type png)

<use ../../plots/rate_threshold_simpl_hip_alpha/rate_threshold_simpl_hip_alpha_
comb.png>
Package pdftex.def Info: ../../plots/rate_threshold_simpl_hip_alpha/rate_thresh
old_simpl_hip_alpha_comb.png used on input line 955.
(pdftex.def)             Requested size: 380.69788pt x 266.50385pt.
 [64] [65 <../../plots/rate_threshold_simpl_hip_alpha/rate_threshold_simpl_hip_
alpha_comb.png>] [66] [67]
<../../plots/Psi_Interact_Approximation.png, id=1189, 266.4354pt x 190.311pt>
File: ../../plots/Psi_Interact_Approximation.png Graphic file (type png)

<use ../../plots/Psi_Interact_Approximation.png>
Package pdftex.def Info: ../../plots/Psi_Interact_Approximation.png used on inp
ut line 1055.
(pdftex.def)             Requested size: 266.48735pt x 190.36568pt.
 [68]
<../../plots/Boundary_Cond_Sketch.png, id=1205, 377.7312pt x 188.6247pt>
File: ../../plots/Boundary_Cond_Sketch.png Graphic file (type png)

<use ../../plots/Boundary_Cond_Sketch.png>
Package pdftex.def Info: ../../plots/Boundary_Cond_Sketch.png used on input lin
e 1069.
(pdftex.def)             Requested size: 190.34894pt x 95.05467pt.
 [69 <../../plots/Psi_Interact_Approximation.png> <../../plots/Boundary_Cond_Sk
etch.png>]
<../../plots/rates_matrix_prediction_vs_sim.png, id=1215, 380.622pt x 228.3732p
t>
File: ../../plots/rates_matrix_prediction_vs_sim.png Graphic file (type png)
 <use ../../plots/rates_matrix_prediction_vs_sim.png>
Package pdftex.def Info: ../../plots/rates_matrix_prediction_vs_sim.png used on
 input line 1095.
(pdftex.def)             Requested size: 380.69788pt x 228.43187pt.

<../../plots/firing_rate_dists/fir_rate_dist_sim_vs_mat.png, id=1218, 380.622pt
 x 159.7167pt>
File: ../../plots/firing_rate_dists/fir_rate_dist_sim_vs_mat.png Graphic file (
type png)

<use ../../plots/firing_rate_dists/fir_rate_dist_sim_vs_mat.png>
Package pdftex.def Info: ../../plots/firing_rate_dists/fir_rate_dist_sim_vs_mat
.png used on input line 1103.
(pdftex.def)             Requested size: 266.48735pt x 111.83017pt.

<../../plots/sim_vs_matrix_solve_corr_vs_D.png, id=1221, 266.4354pt x 159.7167p
t>
File: ../../plots/sim_vs_matrix_solve_corr_vs_D.png Graphic file (type png)
 <use ../../plots/sim_vs_matrix_solve_corr_vs_D.png>
Package pdftex.def Info: ../../plots/sim_vs_matrix_solve_corr_vs_D.png used on 
input line 1112.
(pdftex.def)             Requested size: 266.48735pt x 159.7626pt.

<../../plots/firing_rate_dists/mat_sim_std_dev_dist_new.png, id=1225, 190.311pt
 x 190.311pt>
File: ../../plots/firing_rate_dists/mat_sim_std_dev_dist_new.png Graphic file (
type png)
 <use ../../plots/firing_rate_dists/mat_sim_std_dev_dist_new.png>
Package pdftex.def Info: ../../plots/firing_rate_dists/mat_sim_std_dev_dist_new
.png used on input line 1121.
(pdftex.def)             Requested size: 190.34894pt x 190.35988pt.

<../../plots/firing_rate_dists/mat_sim_skew_dist_new.png, id=1226, 190.311pt x 
190.311pt>
File: ../../plots/firing_rate_dists/mat_sim_skew_dist_new.png Graphic file (typ
e png)
 <use ../../plots/firing_rate_dists/mat_sim_skew_dist_new.png>
Package pdftex.def Info: ../../plots/firing_rate_dists/mat_sim_skew_dist_new.pn
g used on input line 1125.
(pdftex.def)             Requested size: 190.34894pt x 190.35988pt.

Overfull \hbox (2.22221pt too wide) in paragraph at lines 1119--1127
[]$[]$ $[]$ 
 []

[70] [71 <../../plots/rates_matrix_prediction_vs_sim.png> <../../plots/firing_r
ate_dists/fir_rate_dist_sim_vs_mat.png>]
<../../plots/firing_rate_dists/regular_grid_firing_rate_dist.png, id=1244, 266.
4354pt x 159.7167pt>
File: ../../plots/firing_rate_dists/regular_grid_firing_rate_dist.png Graphic f
ile (type png)

<use ../../plots/firing_rate_dists/regular_grid_firing_rate_dist.png>
Package pdftex.def Info: ../../plots/firing_rate_dists/regular_grid_firing_rate
_dist.png used on input line 1136.
(pdftex.def)             Requested size: 266.48735pt x 159.7626pt.
 [72 <../../plots/sim_vs_matrix_solve_corr_vs_D.png>] [73 <../../plots/firing_r
ate_dists/mat_sim_std_dev_dist_new.png> <../../plots/firing_rate_dists/mat_sim_
skew_dist_new.png> <../../plots/firing_rate_dists/regular_grid_firing_rate_dist
.png>]
<../../plots/scatter_density_out_weights_new.png, id=1262, 380.8629pt x 238.731
9pt>
File: ../../plots/scatter_density_out_weights_new.png Graphic file (type png)
 <use ../../plots/scatter_density_out_weights_new.png>
Package pdftex.def Info: ../../plots/scatter_density_out_weights_new.png used o
n input line 1156.
(pdftex.def)             Requested size: 380.69788pt x 238.63658pt.

<../../plots/scatter_density_out_weights_points_new.png, id=1263, 380.8629pt x 
190.311pt>
File: ../../plots/scatter_density_out_weights_points_new.png Graphic file (type
 png)
 <use ../../plots/scatter_density_out_weights_points_new.png>
Package pdftex.def Info: ../../plots/scatter_density_out_weights_points_new.png
 used on input line 1158.
(pdftex.def)             Requested size: 380.69788pt x 190.235pt.

[74] [75 <../../plots/scatter_density_out_weights_new.png> <../../plots/scatter
_density_out_weights_points_new.png>]

Package caption Warning: \label without proper \caption on input line 1175.
See the caption package documentation for explanation.


LaTeX Warning: Reference `External_Input_Switch_Spread_Source' on page 76 undef
ined on input line 1166.

<../../plots/spread_source_illustration.png, id=1281, 380.622pt x 190.311pt>
File: ../../plots/spread_source_illustration.png Graphic file (type png)

<use ../../plots/spread_source_illustration.png>
Package pdftex.def Info: ../../plots/spread_source_illustration.png used on inp
ut line 1170.
(pdftex.def)             Requested size: 342.62576pt x 171.32475pt.

<../../plots/external_input_switch_spread_source.png, id=1282, 380.622pt x 228.
3732pt>
File: ../../plots/external_input_switch_spread_source.png Graphic file (type pn
g)
 <use ../../plots/external_input_switch_spread_source.png>
Package pdftex.def Info: ../../plots/external_input_switch_spread_source.png us
ed on input line 1172.
(pdftex.def)             Requested size: 325.49506pt x 195.30989pt.
 [76 <../../plots/spread_source_illustration.png> <../../plots/external_input_s
witch_spread_source.png>] [77

] [78] [79] [80] [81] [82] [83] [84


] [85] [86


]
(./draft_duplex_shift_half_cm.bbl [87] [88] [89] [90]
Underfull \hbox (badness 10000) in paragraph at lines 320--327
\OT1/cmtt/m/n/10 www . encyclopediaofmath . org / index . php ? title = Student
 _ test & oldid = 17068$[]\OT1/cmr/m/n/10 .
 []

[91]
Underfull \hbox (badness 10000) in paragraph at lines 398--404
[]\OT1/cmr/m/n/10 European Math-e-mat-i-cal So-ci-ety Springer Ver-lag GmbH.  M
aximum-
 []


Underfull \hbox (badness 1389) in paragraph at lines 398--404
\OT1/cmr/m/n/10 likelihood method. En-cy-clo-pe-dia of Math-e-mat-ics.  Web-sit
e.  URL: []$\OT1/cmtt/m/n/10 http :
 []


Underfull \hbox (badness 10000) in paragraph at lines 398--404
\OT1/cmtt/m/n/10 / / www . encyclopediaofmath . org / index . php ? title = Max
imum-[]likelihood _
 []


Underfull \hbox (badness 4859) in paragraph at lines 418--424
\OT1/cmtt/m/n/10 org / index . php ? title = Kolmogorov-[]Smirnov _ test & oldi
d = 22659$[]\OT1/cmr/m/n/10 . Ac-cessed on
 []

[92]) [93] [94


]
Overfull \hbox (4.06001pt too wide) in paragraph at lines 1263--1263
[]\OT1/cmr/bx/n/14.4 Derivation of the Power Spec-trum Given
 []


Package hyperref Warning: Token not allowed in a PDF string (PDFDocEncoding):
(hyperref)                removing `\hbox' on input line 1263.


Package hyperref Warning: Token not allowed in a PDF string (PDFDocEncoding):
(hyperref)                removing `\mathsurround' on input line 1263.


Package hyperref Warning: Token not allowed in a PDF string (PDFDocEncoding):
(hyperref)                removing `\z@' on input line 1263.


Package hyperref Warning: Token not allowed in a PDF string (PDFDocEncoding):
(hyperref)                removing `\unskip' on input line 1263.


Package hyperref Warning: Token not allowed in a PDF string (PDFDocEncoding):
(hyperref)                removing `\@@italiccorr' on input line 1263.

Package atveryend Info: Empty hook `BeforeClearDocument' on input line 1294.
[95]
Package atveryend Info: Empty hook `AfterLastShipout' on input line 1294.
 (./draft_duplex_shift_half_cm.aux)
Package atveryend Info: Executing hook `AtVeryEndDocument' on input line 1294.
Package atveryend Info: Executing hook `AtEndAfterFileList' on input line 1294.

Package rerunfilecheck Info: File `draft_duplex_shift_half_cm.out' has not chan
ged.
(rerunfilecheck)             Checksum: 05D46326F3747C72E5F99F0B176ACFB2;3933.


LaTeX Warning: There were undefined references.

Package atveryend Info: Empty hook `AtVeryVeryEnd' on input line 1294.
 ) 
Here is how much of TeX's memory you used:
 10141 strings out of 494985
 157508 string characters out of 6180355
 259055 words of memory out of 5000000
 12750 multiletter control sequences out of 15000+600000
 13316 words of font info for 49 fonts, out of 8000000 for 9000
 36 hyphenation exceptions out of 8191
 42i,18n,38p,2365b,517s stack positions out of 5000i,500n,10000p,200000b,80000s
</usr/share/texlive/texmf-dist/fonts/type1/public/amsfonts/cmextra/cmbsy7.pfb
></usr/share/texlive/texmf-dist/fonts/type1/public/amsfonts/cm/cmbx10.pfb></usr
/share/texlive/texmf-dist/fonts/type1/public/amsfonts/cm/cmbx12.pfb></usr/share
/texlive/texmf-dist/fonts/type1/public/amsfonts/cm/cmbx7.pfb></usr/share/texliv
e/texmf-dist/fonts/type1/public/amsfonts/cm/cmbx9.pfb></usr/share/texlive/texmf
-dist/fonts/type1/public/amsfonts/cm/cmcsc10.pfb></usr/share/texlive/texmf-dist
/fonts/type1/public/amsfonts/cm/cmex10.pfb></usr/share/texlive/texmf-dist/fonts
/type1/public/amsfonts/cmextra/cmex7.pfb></usr/share/texlive/texmf-dist/fonts/t
ype1/public/amsfonts/cm/cmmi10.pfb></usr/share/texlive/texmf-dist/fonts/type1/p
ublic/amsfonts/cm/cmmi5.pfb></usr/share/texlive/texmf-dist/fonts/type1/public/a
msfonts/cm/cmmi7.pfb></usr/share/texlive/texmf-dist/fonts/type1/public/amsfonts
/cm/cmr10.pfb></usr/share/texlive/texmf-dist/fonts/type1/public/amsfonts/cm/cmr
12.pfb></usr/share/texlive/texmf-dist/fonts/type1/public/amsfonts/cm/cmr17.pfb>
</usr/share/texlive/texmf-dist/fonts/type1/public/amsfonts/cm/cmr5.pfb></usr/sh
are/texlive/texmf-dist/fonts/type1/public/amsfonts/cm/cmr7.pfb></usr/share/texl
ive/texmf-dist/fonts/type1/public/amsfonts/cm/cmr9.pfb></usr/share/texlive/texm
f-dist/fonts/type1/public/amsfonts/cm/cmsy10.pfb></usr/share/texlive/texmf-dist
/fonts/type1/public/amsfonts/cm/cmsy5.pfb></usr/share/texlive/texmf-dist/fonts/
type1/public/amsfonts/cm/cmsy7.pfb></usr/share/texlive/texmf-dist/fonts/type1/p
ublic/amsfonts/cm/cmti10.pfb></usr/share/texlive/texmf-dist/fonts/type1/public/
amsfonts/cm/cmtt10.pfb></usr/share/texlive/texmf-dist/fonts/type1/public/amsfon
ts/euler/eurb10.pfb></usr/share/texlive/texmf-dist/fonts/type1/public/amsfonts/
euler/eurm10.pfb></usr/share/texlive/texmf-dist/fonts/type1/public/amsfonts/sym
bols/msbm10.pfb></usr/share/texlive/texmf-dist/fonts/type1/public/amsfonts/symb
ols/msbm7.pfb>
Output written on draft_duplex_shift_half_cm.pdf (97 pages, 4646295 bytes).
PDF statistics:
 1630 PDF objects out of 1728 (max. 8388607)
 1399 compressed objects within 14 object streams
 381 named destinations out of 1000 (max. 500000)
 594 words of extra memory for PDF output out of 10000 (max. 10000000)

