\BOOKMARK [1][-]{section.1}{Introduction}{}% 1
\BOOKMARK [2][-]{subsection.1.1}{Homeostasis in the Nervous System}{section.1}% 2
\BOOKMARK [2][-]{subsection.1.2}{Diffusive Homeostasis}{section.1}% 3
\BOOKMARK [3][-]{subsubsection.1.2.1}{Nitric Oxide in the Nervous System}{subsection.1.2}% 4
\BOOKMARK [2][-]{subsection.1.3}{Previous Research on the used Network Model}{section.1}% 5
\BOOKMARK [2][-]{subsection.1.4}{Thesis Outline}{section.1}% 6
\BOOKMARK [1][-]{section.2}{Methods}{}% 7
\BOOKMARK [2][-]{subsection.2.1}{Network Simulation}{section.2}% 8
\BOOKMARK [3][-]{subsubsection.2.1.1}{Synaptic Plasticity}{subsection.2.1}% 9
\BOOKMARK [3][-]{subsubsection.2.1.2}{Neuron Model}{subsection.2.1}% 10
\BOOKMARK [3][-]{subsubsection.2.1.3}{Intrinsic Plasticity \(IP\)}{subsection.2.1}% 11
\BOOKMARK [3][-]{subsubsection.2.1.4}{Modeling of Homeostatic Intrinsic Plasticity}{subsection.2.1}% 12
\BOOKMARK [2][-]{subsection.2.2}{Simulation of Diffusion}{section.2}% 13
\BOOKMARK [1][-]{section.3}{Results}{}% 14
\BOOKMARK [2][-]{subsection.3.1}{Activity Analysis}{section.3}% 15
\BOOKMARK [2][-]{subsection.3.2}{Analysis of Oscillations under Dynamic Feedback}{section.3}% 16
\BOOKMARK [2][-]{subsection.3.3}{Properties of Network Activity}{section.3}% 17
\BOOKMARK [3][-]{subsubsection.3.3.1}{Spike-Train Statistics}{subsection.3.3}% 18
\BOOKMARK [3][-]{subsubsection.3.3.2}{Distribution of Firing Rates}{subsection.3.3}% 19
\BOOKMARK [2][-]{subsection.3.4}{Network Topology}{section.3}% 20
\BOOKMARK [3][-]{subsubsection.3.4.1}{Excitatory Connection Fraction}{subsection.3.4}% 21
\BOOKMARK [3][-]{subsubsection.3.4.2}{Distribution of Synaptic Weights}{subsection.3.4}% 22
\BOOKMARK [3][-]{subsubsection.3.4.3}{Synaptic Lifetimes}{subsection.3.4}% 23
\BOOKMARK [3][-]{subsubsection.3.4.4}{Mean outgoing Weights}{subsection.3.4}% 24
\BOOKMARK [1][-]{section.4}{Further Analysis of the Firing Rate Distribution}{}% 25
\BOOKMARK [2][-]{subsection.4.1}{Review of a Dynamic Mean-Field Model}{section.4}% 26
\BOOKMARK [2][-]{subsection.4.2}{Equilibrium in the full Diffusive Model}{section.4}% 27
\BOOKMARK [3][-]{subsubsection.4.2.1}{Comparison of the Solution of the Random Matrix Equation and the Simulation of the Spiking Network}{subsection.4.2}% 28
\BOOKMARK [3][-]{subsubsection.4.2.2}{Low-Density Neighborhoods correlate with strong outgoing Connections}{subsection.4.2}% 29
\BOOKMARK [2][-]{subsection.4.3}{Spreading of NO-sources extends Encoding of Input Heterogeneity}{section.4}% 30
\BOOKMARK [1][-]{section.5}{Discussion}{}% 31
\BOOKMARK [2][-]{subsection.5.1}{Homeostatic Stability}{section.5}% 32
\BOOKMARK [2][-]{subsection.5.2}{The Firing Rate Distribution}{section.5}% 33
\BOOKMARK [3][-]{subsubsection.5.2.1}{Modifications of the Homeostatic Model}{subsection.5.2}% 34
\BOOKMARK [2][-]{subsection.5.3}{Network Topology}{section.5}% 35
\BOOKMARK [3][-]{subsubsection.5.3.1}{Distribution of Weights}{subsection.5.3}% 36
\BOOKMARK [3][-]{subsubsection.5.3.2}{Strong Differences in Outgoing Weights}{subsection.5.3}% 37
\BOOKMARK [1][-]{section.6}{Conclusion and Outlook}{}% 38
